\BOOKMARK [1][-]{section.1}{\376\377\000W\000h\000a\000t\000\040\000i\000s\000\040\000N\000e\000o\000n\000\040\000M\000a\000n\000i\000f\000e\000s\000t\000o\000?}{}% 1
\BOOKMARK [2][-]{subsection.1.1}{\376\377\000W\000h\000o\000\040\000i\000s\000\040\000N\000e\000o\000n\000M\000a\000n\000i\000f\000e\000s\000t}{section.1}% 2
\BOOKMARK [2][-]{subsection.1.2}{\376\377\000H\000o\000w\000\040\000t\000o\000\040\000p\000l\000a\000y\000\040\000N\000e\000o\000n\000\040\000M\000a\000n\000i\000f\000e\000s\000t\000o}{section.1}% 3
\BOOKMARK [2][-]{subsection.1.3}{\376\377\000E\000x\000a\000m\000p\000l\000e\000\040\000o\000f\000\040\000P\000l\000a\000y}{section.1}% 4
\BOOKMARK [1][-]{section.2}{\376\377\000C\000r\000e\000a\000t\000i\000n\000g\000\040\000a\000\040\000C\000h\000a\000r\000a\000c\000t\000e\000r}{}% 5
\BOOKMARK [1][-]{section.3}{\376\377\000C\000h\000a\000r\000a\000c\000t\000e\000r\000\040\000C\000l\000a\000s\000s\000e\000s}{}% 6
\BOOKMARK [2][-]{subsection.3.1}{\376\377\000S\000e\000l\000e\000c\000t\000i\000n\000g\000\040\000a\000\040\000c\000h\000a\000r\000a\000c\000t\000e\000r\000\040\000c\000l\000a\000s\000s}{section.3}% 7
\BOOKMARK [2][-]{subsection.3.2}{\376\377\000C\000h\000u\000m\000p}{section.3}% 8
\BOOKMARK [2][-]{subsection.3.3}{\376\377\000F\000i\000g\000h\000t\000e\000r}{section.3}% 9
\BOOKMARK [2][-]{subsection.3.4}{\376\377\000K\000n\000a\000v\000e}{section.3}% 10
\BOOKMARK [2][-]{subsection.3.5}{\376\377\000M\000a\000g\000e}{section.3}% 11
\BOOKMARK [2][-]{subsection.3.6}{\376\377\000T\000a\000l\000k\000i\000n\000g\000\040\000a\000n\000i\000m\000a\000l}{section.3}% 12
\BOOKMARK [2][-]{subsection.3.7}{\376\377\000I\000m\000a\000g\000i\000n\000e\000d}{section.3}% 13
\BOOKMARK [1][-]{section.4}{\376\377\000A\000d\000v\000e\000n\000t\000u\000r\000i\000n\000g\000\040\000G\000e\000a\000r}{}% 14
\BOOKMARK [2][-]{subsection.4.1}{\376\377\000B\000a\000s\000i\000c\000\040\000G\000e\000a\000r}{section.4}% 15
\BOOKMARK [2][-]{subsection.4.2}{\376\377\000A\000d\000v\000a\000n\000c\000e\000d\000\040\000G\000e\000a\000r}{section.4}% 16
\BOOKMARK [2][-]{subsection.4.3}{\376\377\000M\000a\000g\000i\000c\000\040\000G\000e\000a\000r}{section.4}% 17
\BOOKMARK [1][-]{section.5}{\376\377\000R\000u\000l\000e\000s\000\040\000a\000n\000d\000\040\000P\000r\000o\000c\000e\000d\000u\000r\000e\000s\000\040\000o\000f\000\040\000A\000d\000v\000e\000n\000t\000u\000r\000e}{}% 18
\BOOKMARK [2][-]{subsection.5.1}{\376\377\000S\000t\000a\000n\000d\000a\000r\000d\000\040\000R\000o\000l\000l\000\040\000P\000r\000o\000c\000e\000d\000u\000r\000e}{section.5}% 19
\BOOKMARK [2][-]{subsection.5.2}{\376\377\000W\000i\000l\000d\000e\000r\000n\000e\000s\000s\000\040\000E\000x\000p\000l\000o\000r\000a\000t\000i\000o\000n\000\040\000P\000r\000o\000c\000e\000d\000u\000r\000e}{section.5}% 20
\BOOKMARK [2][-]{subsection.5.3}{\376\377\000D\000u\000n\000g\000e\000o\000n\000\040\000E\000x\000p\000l\000o\000r\000a\000t\000i\000o\000n\000\040\000P\000r\000o\000c\000e\000d\000u\000r\000e}{section.5}% 21
\BOOKMARK [2][-]{subsection.5.4}{\376\377\000H\000a\000v\000e\000n\000\040\000P\000r\000o\000c\000e\000d\000u\000r\000e}{section.5}% 22
\BOOKMARK [2][-]{subsection.5.5}{\376\377\000P\000r\000o\000j\000e\000c\000t\000s}{section.5}% 23
\BOOKMARK [2][-]{subsection.5.6}{\376\377\000D\000e\000m\000e\000s\000n\000e\000\040\000P\000r\000o\000c\000e\000d\000u\000r\000e}{section.5}% 24
\BOOKMARK [3][-]{subsubsection.5.6.1}{\376\377\000F\000a\000c\000t\000i\000o\000n\000s}{subsection.5.6}% 25
\BOOKMARK [2][-]{subsection.5.7}{\376\377\000C\000o\000m\000b\000a\000t\000\040\000P\000r\000o\000c\000e\000d\000u\000r\000e}{section.5}% 26
\BOOKMARK [3][-]{subsubsection.5.7.1}{\376\377\000A\000t\000t\000a\000c\000k\000\040\000R\000o\000l\000l\000s}{subsection.5.7}% 27
\BOOKMARK [2][-]{subsection.5.8}{\376\377\000W\000h\000e\000n\000\040\000t\000h\000i\000n\000g\000s\000\040\000g\000e\000t\000\040\000F\000R\000E\000A\000K\000Y}{section.5}% 28
\BOOKMARK [3][-]{subsubsection.5.8.1}{\376\377\000O\000n\000e\000-\000r\000o\000l\000l\000\040\000f\000i\000g\000h\000t\000s}{subsection.5.8}% 29
\BOOKMARK [2][-]{subsection.5.9}{\376\377\000S\000k\000i\000l\000l\000\040\000D\000e\000s\000c\000r\000i\000p\000t\000i\000o\000n\000s}{section.5}% 30
\BOOKMARK [2][-]{subsection.5.10}{\376\377\000E\000n\000d\000i\000n\000g\000\040\000a\000\040\000S\000e\000s\000s\000i\000o\000n}{section.5}% 31
\BOOKMARK [1][-]{section.6}{\376\377\000F\000o\000e\000s}{}% 32
\BOOKMARK [1][-]{section.7}{\376\377\000M\000a\000g\000i\000c}{}% 33
\BOOKMARK [1][-]{appendix.A}{\376\377\000G\000a\000m\000i\000n\000g\000\040\000r\000e\000f\000e\000r\000e\000n\000c\000e\000s\000\040\000i\000n\000\040\000a\000l\000p\000h\000a\000b\000e\000t\000i\000c\000a\000l\000\040\000o\000r\000d\000e\000r}{}% 34
